Determining if the pthread_create exist failed with the following output:
Change Dir: /home/sung/git/UND_Robo/project4/build/CMakeFiles/CMakeTmp

Run Build Command:"/usr/bin/make" "cmTC_77dbb/fast"
/usr/bin/make -f CMakeFiles/cmTC_77dbb.dir/build.make CMakeFiles/cmTC_77dbb.dir/build
make[1]: Entering directory '/home/sung/git/UND_Robo/project4/build/CMakeFiles/CMakeTmp'
Building C object CMakeFiles/cmTC_77dbb.dir/CheckSymbolExists.c.o
/usr/bin/cc    -o CMakeFiles/cmTC_77dbb.dir/CheckSymbolExists.c.o   -c /home/sung/git/UND_Robo/project4/build/CMakeFiles/CMakeTmp/CheckSymbolExists.c
Linking C executable cmTC_77dbb
/usr/bin/cmake -E cmake_link_script CMakeFiles/cmTC_77dbb.dir/link.txt --verbose=1
/usr/bin/cc      -rdynamic CMakeFiles/cmTC_77dbb.dir/CheckSymbolExists.c.o  -o cmTC_77dbb 
CMakeFiles/cmTC_77dbb.dir/CheckSymbolExists.c.o: In function `main':
CheckSymbolExists.c:(.text+0x1b): undefined reference to `pthread_create'
collect2: error: ld returned 1 exit status
CMakeFiles/cmTC_77dbb.dir/build.make:97: recipe for target 'cmTC_77dbb' failed
make[1]: *** [cmTC_77dbb] Error 1
make[1]: Leaving directory '/home/sung/git/UND_Robo/project4/build/CMakeFiles/CMakeTmp'
Makefile:126: recipe for target 'cmTC_77dbb/fast' failed
make: *** [cmTC_77dbb/fast] Error 2

File /home/sung/git/UND_Robo/project4/build/CMakeFiles/CMakeTmp/CheckSymbolExists.c:
/* */
#include <pthread.h>

int main(int argc, char** argv)
{
  (void)argv;
#ifndef pthread_create
  return ((int*)(&pthread_create))[argc];
#else
  (void)argc;
  return 0;
#endif
}

Determining if the function pthread_create exists in the pthreads failed with the following output:
Change Dir: /home/sung/git/UND_Robo/project4/build/CMakeFiles/CMakeTmp

Run Build Command:"/usr/bin/make" "cmTC_69d05/fast"
/usr/bin/make -f CMakeFiles/cmTC_69d05.dir/build.make CMakeFiles/cmTC_69d05.dir/build
make[1]: Entering directory '/home/sung/git/UND_Robo/project4/build/CMakeFiles/CMakeTmp'
Building C object CMakeFiles/cmTC_69d05.dir/CheckFunctionExists.c.o
/usr/bin/cc   -DCHECK_FUNCTION_EXISTS=pthread_create   -o CMakeFiles/cmTC_69d05.dir/CheckFunctionExists.c.o   -c /usr/share/cmake-3.10/Modules/CheckFunctionExists.c
Linking C executable cmTC_69d05
/usr/bin/cmake -E cmake_link_script CMakeFiles/cmTC_69d05.dir/link.txt --verbose=1
/usr/bin/cc  -DCHECK_FUNCTION_EXISTS=pthread_create    -rdynamic CMakeFiles/cmTC_69d05.dir/CheckFunctionExists.c.o  -o cmTC_69d05 -lpthreads 
/usr/bin/ld: cannot find -lpthreads
collect2: error: ld returned 1 exit status
CMakeFiles/cmTC_69d05.dir/build.make:97: recipe for target 'cmTC_69d05' failed
make[1]: *** [cmTC_69d05] Error 1
make[1]: Leaving directory '/home/sung/git/UND_Robo/project4/build/CMakeFiles/CMakeTmp'
Makefile:126: recipe for target 'cmTC_69d05/fast' failed
make: *** [cmTC_69d05/fast] Error 2


