Determining if the pthread_create exist failed with the following output:
Change Dir: /home/sung/project1/build/CMakeFiles/CMakeTmp

Run Build Command:"/usr/bin/make" "cmTC_faac3/fast"
/usr/bin/make -f CMakeFiles/cmTC_faac3.dir/build.make CMakeFiles/cmTC_faac3.dir/build
make[1]: 디렉터리 '/home/sung/project1/build/CMakeFiles/CMakeTmp' 들어감
Building C object CMakeFiles/cmTC_faac3.dir/CheckSymbolExists.c.o
/usr/bin/cc    -o CMakeFiles/cmTC_faac3.dir/CheckSymbolExists.c.o   -c /home/sung/project1/build/CMakeFiles/CMakeTmp/CheckSymbolExists.c
Linking C executable cmTC_faac3
/usr/bin/cmake -E cmake_link_script CMakeFiles/cmTC_faac3.dir/link.txt --verbose=1
/usr/bin/cc      -rdynamic CMakeFiles/cmTC_faac3.dir/CheckSymbolExists.c.o  -o cmTC_faac3 
CMakeFiles/cmTC_faac3.dir/CheckSymbolExists.c.o: In function `main':
CheckSymbolExists.c:(.text+0x1b): undefined reference to `pthread_create'
collect2: error: ld returned 1 exit status
CMakeFiles/cmTC_faac3.dir/build.make:97: recipe for target 'cmTC_faac3' failed
make[1]: *** [cmTC_faac3] Error 1
make[1]: 디렉터리 '/home/sung/project1/build/CMakeFiles/CMakeTmp' 나감
Makefile:126: recipe for target 'cmTC_faac3/fast' failed
make: *** [cmTC_faac3/fast] Error 2

File /home/sung/project1/build/CMakeFiles/CMakeTmp/CheckSymbolExists.c:
/* */
#include <pthread.h>

int main(int argc, char** argv)
{
  (void)argv;
#ifndef pthread_create
  return ((int*)(&pthread_create))[argc];
#else
  (void)argc;
  return 0;
#endif
}

Determining if the function pthread_create exists in the pthreads failed with the following output:
Change Dir: /home/sung/project1/build/CMakeFiles/CMakeTmp

Run Build Command:"/usr/bin/make" "cmTC_44e60/fast"
/usr/bin/make -f CMakeFiles/cmTC_44e60.dir/build.make CMakeFiles/cmTC_44e60.dir/build
make[1]: 디렉터리 '/home/sung/project1/build/CMakeFiles/CMakeTmp' 들어감
Building C object CMakeFiles/cmTC_44e60.dir/CheckFunctionExists.c.o
/usr/bin/cc   -DCHECK_FUNCTION_EXISTS=pthread_create   -o CMakeFiles/cmTC_44e60.dir/CheckFunctionExists.c.o   -c /usr/share/cmake-3.10/Modules/CheckFunctionExists.c
Linking C executable cmTC_44e60
/usr/bin/cmake -E cmake_link_script CMakeFiles/cmTC_44e60.dir/link.txt --verbose=1
/usr/bin/cc  -DCHECK_FUNCTION_EXISTS=pthread_create    -rdynamic CMakeFiles/cmTC_44e60.dir/CheckFunctionExists.c.o  -o cmTC_44e60 -lpthreads 
/usr/bin/ld: cannot find -lpthreads
collect2: error: ld returned 1 exit status
CMakeFiles/cmTC_44e60.dir/build.make:97: recipe for target 'cmTC_44e60' failed
make[1]: *** [cmTC_44e60] Error 1
make[1]: 디렉터리 '/home/sung/project1/build/CMakeFiles/CMakeTmp' 나감
Makefile:126: recipe for target 'cmTC_44e60/fast' failed
make: *** [cmTC_44e60/fast] Error 2


